\BOOKMARK [1][-]{Section.0.Introduction.1}{\376\377\000I\000n\000t\000r\000o\000d\000u\000c\000t\000i\000o\000n}{}% 1
\BOOKMARK [2][-]{Subsection.1.0.The LEAD Tool and temporal analysis.2}{\376\377\000T\000h\000e\000\040\000L\000E\000A\000D\000\040\000T\000o\000o\000l\000\040\000a\000n\000d\000\040\000t\000e\000m\000p\000o\000r\000a\000l\000\040\000a\000n\000a\000l\000y\000s\000i\000s}{Section.0.Introduction.1}% 2
\BOOKMARK [2][-]{Subsection.1.1.Package design philosophy.2}{\376\377\000P\000a\000c\000k\000a\000g\000e\000\040\000d\000e\000s\000i\000g\000n\000\040\000p\000h\000i\000l\000o\000s\000o\000p\000h\000y}{Section.0.Introduction.1}% 3
\BOOKMARK [1][-]{Section.1.Methodology.1}{\376\377\000M\000e\000t\000h\000o\000d\000o\000l\000o\000g\000y}{}% 4
\BOOKMARK [2][-]{Subsection.2.0.Net Energy Return formulas.2}{\376\377\000N\000e\000t\000\040\000E\000n\000e\000r\000g\000y\000\040\000R\000e\000t\000u\000r\000n\000\040\000f\000o\000r\000m\000u\000l\000a\000s}{Section.1.Methodology.1}% 5
\BOOKMARK [2][-]{Subsection.2.1.LEAD Tool data structure.2}{\376\377\000L\000E\000A\000D\000\040\000T\000o\000o\000l\000\040\000d\000a\000t\000a\000\040\000s\000t\000r\000u\000c\000t\000u\000r\000e}{Section.1.Methodology.1}% 6
\BOOKMARK [2][-]{Subsection.2.2.Schema differences between vintages.2}{\376\377\000S\000c\000h\000e\000m\000a\000\040\000d\000i\000f\000f\000e\000r\000e\000n\000c\000e\000s\000\040\000b\000e\000t\000w\000e\000e\000n\000\040\000v\000i\000n\000t\000a\000g\000e\000s}{Section.1.Methodology.1}% 7
\BOOKMARK [1][-]{Section.2.Package implementation.1}{\376\377\000P\000a\000c\000k\000a\000g\000e\000\040\000i\000m\000p\000l\000e\000m\000e\000n\000t\000a\000t\000i\000o\000n}{}% 8
\BOOKMARK [2][-]{Subsection.3.0.Package structure.2}{\376\377\000P\000a\000c\000k\000a\000g\000e\000\040\000s\000t\000r\000u\000c\000t\000u\000r\000e}{Section.2.Package implementation.1}% 9
\BOOKMARK [2][-]{Subsection.3.1.Core functions.2}{\376\377\000C\000o\000r\000e\000\040\000f\000u\000n\000c\000t\000i\000o\000n\000s}{Section.2.Package implementation.1}% 10
\BOOKMARK [3][-]{Subsubsection.3.2.0.Data acquisition.3}{\376\377\000D\000a\000t\000a\000\040\000a\000c\000q\000u\000i\000s\000i\000t\000i\000o\000n}{Subsection.3.1.Core functions.2}% 11
\BOOKMARK [3][-]{Subsubsection.3.2.1.Data loading with fallback.3}{\376\377\000D\000a\000t\000a\000\040\000l\000o\000a\000d\000i\000n\000g\000\040\000w\000i\000t\000h\000\040\000f\000a\000l\000l\000b\000a\000c\000k}{Subsection.3.1.Core functions.2}% 12
\BOOKMARK [3][-]{Subsubsection.3.2.2.Temporal comparison.3}{\376\377\000T\000e\000m\000p\000o\000r\000a\000l\000\040\000c\000o\000m\000p\000a\000r\000i\000s\000o\000n}{Subsection.3.1.Core functions.2}% 13
\BOOKMARK [2][-]{Subsection.3.2.Design decisions.2}{\376\377\000D\000e\000s\000i\000g\000n\000\040\000d\000e\000c\000i\000s\000i\000o\000n\000s}{Section.2.Package implementation.1}% 14
\BOOKMARK [1][-]{Section.3.Basic state-level comparison.1}{\376\377\000B\000a\000s\000i\000c\000\040\000s\000t\000a\000t\000e\000-\000l\000e\000v\000e\000l\000\040\000c\000o\000m\000p\000a\000r\000i\000s\000o\000n}{}% 15
\BOOKMARK [1][-]{Section.4.Income bracket analysis.1}{\376\377\000I\000n\000c\000o\000m\000e\000\040\000b\000r\000a\000c\000k\000e\000t\000\040\000a\000n\000a\000l\000y\000s\000i\000s}{}% 16
\BOOKMARK [1][-]{Section.5.Census tract-level analysis.1}{\376\377\000C\000e\000n\000s\000u\000s\000\040\000t\000r\000a\000c\000t\000-\000l\000e\000v\000e\000l\000\040\000a\000n\000a\000l\000y\000s\000i\000s}{}% 17
\BOOKMARK [1][-]{Section.6.Multi-state regional comparison.1}{\376\377\000M\000u\000l\000t\000i\000-\000s\000t\000a\000t\000e\000\040\000r\000e\000g\000i\000o\000n\000a\000l\000\040\000c\000o\000m\000p\000a\000r\000i\000s\000o\000n}{}% 18
\BOOKMARK [1][-]{Section.7.Discussion and limitations.1}{\376\377\000D\000i\000s\000c\000u\000s\000s\000i\000o\000n\000\040\000a\000n\000d\000\040\000l\000i\000m\000i\000t\000a\000t\000i\000o\000n\000s}{}% 19
\BOOKMARK [2][-]{Subsection.8.0.Limitations.2}{\376\377\000L\000i\000m\000i\000t\000a\000t\000i\000o\000n\000s}{Section.7.Discussion and limitations.1}% 20
\BOOKMARK [2][-]{Subsection.8.1.Future extensions.2}{\376\377\000F\000u\000t\000u\000r\000e\000\040\000e\000x\000t\000e\000n\000s\000i\000o\000n\000s}{Section.7.Discussion and limitations.1}% 21
\BOOKMARK [1][-]{Section.8.Summary.1}{\376\377\000S\000u\000m\000m\000a\000r\000y}{}% 22
\BOOKMARK [1][-]{Section.9.Acknowledgments.1}{\376\377\000A\000c\000k\000n\000o\000w\000l\000e\000d\000g\000m\000e\000n\000t\000s}{}% 23
